input 10x10x3 filter 10x10x3
/home/sshirzad/src/phylanx/build_release_clang_no_hpxmp_medusa/bin/test_conv1d_instrumented_test --batch=10 --length=10 --channel=3 --k_length=10 --k_channel=3 --k_out=10 --hpx:localities=1
input 10x10x3 filter 10x50x3
/home/sshirzad/src/phylanx/build_release_clang_no_hpxmp_medusa/bin/test_conv1d_instrumented_test --batch=10 --length=10 --channel=3 --k_length=10 --k_channel=3 --k_out=50 --hpx:localities=1
input 10x10x3 filter 10x100x3
/home/sshirzad/src/phylanx/build_release_clang_no_hpxmp_medusa/bin/test_conv1d_instrumented_test --batch=10 --length=10 --channel=3 --k_length=10 --k_channel=3 --k_out=100 --hpx:localities=1
input 10x100x3 filter 10x10x3
/home/sshirzad/src/phylanx/build_release_clang_no_hpxmp_medusa/bin/test_conv1d_instrumented_test --batch=10 --length=100 --channel=3 --k_length=10 --k_channel=3 --k_out=10 --hpx:localities=1
input 10x100x3 filter 10x50x3
/home/sshirzad/src/phylanx/build_release_clang_no_hpxmp_medusa/bin/test_conv1d_instrumented_test --batch=10 --length=100 --channel=3 --k_length=10 --k_channel=3 --k_out=50 --hpx:localities=1
input 10x100x3 filter 10x100x3
/home/sshirzad/src/phylanx/build_release_clang_no_hpxmp_medusa/bin/test_conv1d_instrumented_test --batch=10 --length=100 --channel=3 --k_length=10 --k_channel=3 --k_out=100 --hpx:localities=1
input 10x100x3 filter 50x10x3
/home/sshirzad/src/phylanx/build_release_clang_no_hpxmp_medusa/bin/test_conv1d_instrumented_test --batch=10 --length=100 --channel=3 --k_length=50 --k_channel=3 --k_out=10 --hpx:localities=1
input 10x100x3 filter 50x50x3
/home/sshirzad/src/phylanx/build_release_clang_no_hpxmp_medusa/bin/test_conv1d_instrumented_test --batch=10 --length=100 --channel=3 --k_length=50 --k_channel=3 --k_out=50 --hpx:localities=1
input 10x100x3 filter 50x100x3
/home/sshirzad/src/phylanx/build_release_clang_no_hpxmp_medusa/bin/test_conv1d_instrumented_test --batch=10 --length=100 --channel=3 --k_length=50 --k_channel=3 --k_out=100 --hpx:localities=1
input 10x1000x3 filter 10x10x3
/home/sshirzad/src/phylanx/build_release_clang_no_hpxmp_medusa/bin/test_conv1d_instrumented_test --batch=10 --length=1000 --channel=3 --k_length=10 --k_channel=3 --k_out=10 --hpx:localities=1
input 10x1000x3 filter 10x50x3
/home/sshirzad/src/phylanx/build_release_clang_no_hpxmp_medusa/bin/test_conv1d_instrumented_test --batch=10 --length=1000 --channel=3 --k_length=10 --k_channel=3 --k_out=50 --hpx:localities=1
input 10x1000x3 filter 10x100x3
/home/sshirzad/src/phylanx/build_release_clang_no_hpxmp_medusa/bin/test_conv1d_instrumented_test --batch=10 --length=1000 --channel=3 --k_length=10 --k_channel=3 --k_out=100 --hpx:localities=1
input 10x1000x3 filter 50x10x3
/home/sshirzad/src/phylanx/build_release_clang_no_hpxmp_medusa/bin/test_conv1d_instrumented_test --batch=10 --length=1000 --channel=3 --k_length=50 --k_channel=3 --k_out=10 --hpx:localities=1
input 10x1000x3 filter 50x50x3
/home/sshirzad/src/phylanx/build_release_clang_no_hpxmp_medusa/bin/test_conv1d_instrumented_test --batch=10 --length=1000 --channel=3 --k_length=50 --k_channel=3 --k_out=50 --hpx:localities=1
input 10x1000x3 filter 50x100x3
/home/sshirzad/src/phylanx/build_release_clang_no_hpxmp_medusa/bin/test_conv1d_instrumented_test --batch=10 --length=1000 --channel=3 --k_length=50 --k_channel=3 --k_out=100 --hpx:localities=1
input 100x10x3 filter 10x10x3
/home/sshirzad/src/phylanx/build_release_clang_no_hpxmp_medusa/bin/test_conv1d_instrumented_test --batch=100 --length=10 --channel=3 --k_length=10 --k_channel=3 --k_out=10 --hpx:localities=1
input 100x10x3 filter 10x50x3
/home/sshirzad/src/phylanx/build_release_clang_no_hpxmp_medusa/bin/test_conv1d_instrumented_test --batch=100 --length=10 --channel=3 --k_length=10 --k_channel=3 --k_out=50 --hpx:localities=1
input 100x10x3 filter 10x100x3
/home/sshirzad/src/phylanx/build_release_clang_no_hpxmp_medusa/bin/test_conv1d_instrumented_test --batch=100 --length=10 --channel=3 --k_length=10 --k_channel=3 --k_out=100 --hpx:localities=1
input 100x100x3 filter 10x10x3
/home/sshirzad/src/phylanx/build_release_clang_no_hpxmp_medusa/bin/test_conv1d_instrumented_test --batch=100 --length=100 --channel=3 --k_length=10 --k_channel=3 --k_out=10 --hpx:localities=1
input 100x100x3 filter 10x50x3
/home/sshirzad/src/phylanx/build_release_clang_no_hpxmp_medusa/bin/test_conv1d_instrumented_test --batch=100 --length=100 --channel=3 --k_length=10 --k_channel=3 --k_out=50 --hpx:localities=1
input 100x100x3 filter 10x100x3
/home/sshirzad/src/phylanx/build_release_clang_no_hpxmp_medusa/bin/test_conv1d_instrumented_test --batch=100 --length=100 --channel=3 --k_length=10 --k_channel=3 --k_out=100 --hpx:localities=1
input 100x100x3 filter 50x10x3
/home/sshirzad/src/phylanx/build_release_clang_no_hpxmp_medusa/bin/test_conv1d_instrumented_test --batch=100 --length=100 --channel=3 --k_length=50 --k_channel=3 --k_out=10 --hpx:localities=1
input 100x100x3 filter 50x50x3
/home/sshirzad/src/phylanx/build_release_clang_no_hpxmp_medusa/bin/test_conv1d_instrumented_test --batch=100 --length=100 --channel=3 --k_length=50 --k_channel=3 --k_out=50 --hpx:localities=1
input 100x100x3 filter 50x100x3
/home/sshirzad/src/phylanx/build_release_clang_no_hpxmp_medusa/bin/test_conv1d_instrumented_test --batch=100 --length=100 --channel=3 --k_length=50 --k_channel=3 --k_out=100 --hpx:localities=1
input 100x1000x3 filter 10x10x3
/home/sshirzad/src/phylanx/build_release_clang_no_hpxmp_medusa/bin/test_conv1d_instrumented_test --batch=100 --length=1000 --channel=3 --k_length=10 --k_channel=3 --k_out=10 --hpx:localities=1
input 100x1000x3 filter 10x50x3
/home/sshirzad/src/phylanx/build_release_clang_no_hpxmp_medusa/bin/test_conv1d_instrumented_test --batch=100 --length=1000 --channel=3 --k_length=10 --k_channel=3 --k_out=50 --hpx:localities=1
input 100x1000x3 filter 10x100x3
/home/sshirzad/src/phylanx/build_release_clang_no_hpxmp_medusa/bin/test_conv1d_instrumented_test --batch=100 --length=1000 --channel=3 --k_length=10 --k_channel=3 --k_out=100 --hpx:localities=1
input 100x1000x3 filter 50x10x3
/home/sshirzad/src/phylanx/build_release_clang_no_hpxmp_medusa/bin/test_conv1d_instrumented_test --batch=100 --length=1000 --channel=3 --k_length=50 --k_channel=3 --k_out=10 --hpx:localities=1
input 100x1000x3 filter 50x50x3
/home/sshirzad/src/phylanx/build_release_clang_no_hpxmp_medusa/bin/test_conv1d_instrumented_test --batch=100 --length=1000 --channel=3 --k_length=50 --k_channel=3 --k_out=50 --hpx:localities=1
input 100x1000x3 filter 50x100x3
/home/sshirzad/src/phylanx/build_release_clang_no_hpxmp_medusa/bin/test_conv1d_instrumented_test --batch=100 --length=1000 --channel=3 --k_length=50 --k_channel=3 --k_out=100 --hpx:localities=1
input 1000x10x3 filter 10x10x3
/home/sshirzad/src/phylanx/build_release_clang_no_hpxmp_medusa/bin/test_conv1d_instrumented_test --batch=1000 --length=10 --channel=3 --k_length=10 --k_channel=3 --k_out=10 --hpx:localities=1
input 1000x10x3 filter 10x50x3
/home/sshirzad/src/phylanx/build_release_clang_no_hpxmp_medusa/bin/test_conv1d_instrumented_test --batch=1000 --length=10 --channel=3 --k_length=10 --k_channel=3 --k_out=50 --hpx:localities=1
input 1000x10x3 filter 10x100x3
/home/sshirzad/src/phylanx/build_release_clang_no_hpxmp_medusa/bin/test_conv1d_instrumented_test --batch=1000 --length=10 --channel=3 --k_length=10 --k_channel=3 --k_out=100 --hpx:localities=1
input 1000x100x3 filter 10x10x3
/home/sshirzad/src/phylanx/build_release_clang_no_hpxmp_medusa/bin/test_conv1d_instrumented_test --batch=1000 --length=100 --channel=3 --k_length=10 --k_channel=3 --k_out=10 --hpx:localities=1
input 1000x100x3 filter 10x50x3
/home/sshirzad/src/phylanx/build_release_clang_no_hpxmp_medusa/bin/test_conv1d_instrumented_test --batch=1000 --length=100 --channel=3 --k_length=10 --k_channel=3 --k_out=50 --hpx:localities=1
input 1000x100x3 filter 10x100x3
/home/sshirzad/src/phylanx/build_release_clang_no_hpxmp_medusa/bin/test_conv1d_instrumented_test --batch=1000 --length=100 --channel=3 --k_length=10 --k_channel=3 --k_out=100 --hpx:localities=1
input 1000x100x3 filter 50x10x3
/home/sshirzad/src/phylanx/build_release_clang_no_hpxmp_medusa/bin/test_conv1d_instrumented_test --batch=1000 --length=100 --channel=3 --k_length=50 --k_channel=3 --k_out=10 --hpx:localities=1
input 1000x100x3 filter 50x50x3
/home/sshirzad/src/phylanx/build_release_clang_no_hpxmp_medusa/bin/test_conv1d_instrumented_test --batch=1000 --length=100 --channel=3 --k_length=50 --k_channel=3 --k_out=50 --hpx:localities=1
input 1000x100x3 filter 50x100x3
/home/sshirzad/src/phylanx/build_release_clang_no_hpxmp_medusa/bin/test_conv1d_instrumented_test --batch=1000 --length=100 --channel=3 --k_length=50 --k_channel=3 --k_out=100 --hpx:localities=1
input 1000x1000x3 filter 10x10x3
/home/sshirzad/src/phylanx/build_release_clang_no_hpxmp_medusa/bin/test_conv1d_instrumented_test --batch=1000 --length=1000 --channel=3 --k_length=10 --k_channel=3 --k_out=10 --hpx:localities=1
input 1000x1000x3 filter 10x50x3
/home/sshirzad/src/phylanx/build_release_clang_no_hpxmp_medusa/bin/test_conv1d_instrumented_test --batch=1000 --length=1000 --channel=3 --k_length=10 --k_channel=3 --k_out=50 --hpx:localities=1
input 1000x1000x3 filter 10x100x3
/home/sshirzad/src/phylanx/build_release_clang_no_hpxmp_medusa/bin/test_conv1d_instrumented_test --batch=1000 --length=1000 --channel=3 --k_length=10 --k_channel=3 --k_out=100 --hpx:localities=1
input 1000x1000x3 filter 50x10x3
/home/sshirzad/src/phylanx/build_release_clang_no_hpxmp_medusa/bin/test_conv1d_instrumented_test --batch=1000 --length=1000 --channel=3 --k_length=50 --k_channel=3 --k_out=10 --hpx:localities=1
input 1000x1000x3 filter 50x50x3
/home/sshirzad/src/phylanx/build_release_clang_no_hpxmp_medusa/bin/test_conv1d_instrumented_test --batch=1000 --length=1000 --channel=3 --k_length=50 --k_channel=3 --k_out=50 --hpx:localities=1
input 1000x1000x3 filter 50x100x3
/home/sshirzad/src/phylanx/build_release_clang_no_hpxmp_medusa/bin/test_conv1d_instrumented_test --batch=1000 --length=1000 --channel=3 --k_length=50 --k_channel=3 --k_out=100 --hpx:localities=1
input 10000x10x3 filter 10x10x3
/home/sshirzad/src/phylanx/build_release_clang_no_hpxmp_medusa/bin/test_conv1d_instrumented_test --batch=10000 --length=10 --channel=3 --k_length=10 --k_channel=3 --k_out=10 --hpx:localities=1
input 10000x10x3 filter 10x50x3
/home/sshirzad/src/phylanx/build_release_clang_no_hpxmp_medusa/bin/test_conv1d_instrumented_test --batch=10000 --length=10 --channel=3 --k_length=10 --k_channel=3 --k_out=50 --hpx:localities=1
input 10000x10x3 filter 10x100x3
/home/sshirzad/src/phylanx/build_release_clang_no_hpxmp_medusa/bin/test_conv1d_instrumented_test --batch=10000 --length=10 --channel=3 --k_length=10 --k_channel=3 --k_out=100 --hpx:localities=1
input 10000x100x3 filter 10x10x3
/home/sshirzad/src/phylanx/build_release_clang_no_hpxmp_medusa/bin/test_conv1d_instrumented_test --batch=10000 --length=100 --channel=3 --k_length=10 --k_channel=3 --k_out=10 --hpx:localities=1
input 10000x100x3 filter 10x50x3
/home/sshirzad/src/phylanx/build_release_clang_no_hpxmp_medusa/bin/test_conv1d_instrumented_test --batch=10000 --length=100 --channel=3 --k_length=10 --k_channel=3 --k_out=50 --hpx:localities=1
input 10000x100x3 filter 10x100x3
/home/sshirzad/src/phylanx/build_release_clang_no_hpxmp_medusa/bin/test_conv1d_instrumented_test --batch=10000 --length=100 --channel=3 --k_length=10 --k_channel=3 --k_out=100 --hpx:localities=1
input 10000x100x3 filter 50x10x3
/home/sshirzad/src/phylanx/build_release_clang_no_hpxmp_medusa/bin/test_conv1d_instrumented_test --batch=10000 --length=100 --channel=3 --k_length=50 --k_channel=3 --k_out=10 --hpx:localities=1
input 10000x100x3 filter 50x50x3
/home/sshirzad/src/phylanx/build_release_clang_no_hpxmp_medusa/bin/test_conv1d_instrumented_test --batch=10000 --length=100 --channel=3 --k_length=50 --k_channel=3 --k_out=50 --hpx:localities=1
input 10000x100x3 filter 50x100x3
/home/sshirzad/src/phylanx/build_release_clang_no_hpxmp_medusa/bin/test_conv1d_instrumented_test --batch=10000 --length=100 --channel=3 --k_length=50 --k_channel=3 --k_out=100 --hpx:localities=1
input 10000x1000x3 filter 10x10x3
/home/sshirzad/src/phylanx/build_release_clang_no_hpxmp_medusa/bin/test_conv1d_instrumented_test --batch=10000 --length=1000 --channel=3 --k_length=10 --k_channel=3 --k_out=10 --hpx:localities=1
input 10000x1000x3 filter 10x50x3
/home/sshirzad/src/phylanx/build_release_clang_no_hpxmp_medusa/bin/test_conv1d_instrumented_test --batch=10000 --length=1000 --channel=3 --k_length=10 --k_channel=3 --k_out=50 --hpx:localities=1
tcmalloc: large alloc 3964002304 bytes == 0x3c4c8000 @ 
tcmalloc: large alloc 3964002304 bytes == 0x1289d8000 @ 
tcmalloc: large alloc 3964002304 bytes == 0x15494000 @ 
input 10000x1000x3 filter 10x100x3
/home/sshirzad/src/phylanx/build_release_clang_no_hpxmp_medusa/bin/test_conv1d_instrumented_test --batch=10000 --length=1000 --channel=3 --k_length=10 --k_channel=3 --k_out=100 --hpx:localities=1
tcmalloc: large alloc 7928004608 bytes == 0x3bc0a000 @ 
tcmalloc: large alloc 7928004608 bytes == 0x214d64000 @ 
tcmalloc: large alloc 7928004608 bytes == 0x162aa000 @ 
input 10000x1000x3 filter 50x10x3
/home/sshirzad/src/phylanx/build_release_clang_no_hpxmp_medusa/bin/test_conv1d_instrumented_test --batch=10000 --length=1000 --channel=3 --k_length=50 --k_channel=3 --k_out=10 --hpx:localities=1
input 10000x1000x3 filter 50x50x3
/home/sshirzad/src/phylanx/build_release_clang_no_hpxmp_medusa/bin/test_conv1d_instrumented_test --batch=10000 --length=1000 --channel=3 --k_length=50 --k_channel=3 --k_out=50 --hpx:localities=1
tcmalloc: large alloc 3804004352 bytes == 0x3c1e0000 @ 
tcmalloc: large alloc 3804004352 bytes == 0x11ee42000 @ 
tcmalloc: large alloc 3804004352 bytes == 0x15672000 @ 
input 10000x1000x3 filter 50x100x3
/home/sshirzad/src/phylanx/build_release_clang_no_hpxmp_medusa/bin/test_conv1d_instrumented_test --batch=10000 --length=1000 --channel=3 --k_length=50 --k_channel=3 --k_out=100 --hpx:localities=1
tcmalloc: large alloc 7608000512 bytes == 0x3b2d2000 @ 
tcmalloc: large alloc 7608000512 bytes == 0x2012f0000 @ 
tcmalloc: large alloc 7608000512 bytes == 0x149da000 @ 
input 100000x10x3 filter 10x10x3
/home/sshirzad/src/phylanx/build_release_clang_no_hpxmp_medusa/bin/test_conv1d_instrumented_test --batch=100000 --length=10 --channel=3 --k_length=10 --k_channel=3 --k_out=10 --hpx:localities=1
input 100000x10x3 filter 10x50x3
/home/sshirzad/src/phylanx/build_release_clang_no_hpxmp_medusa/bin/test_conv1d_instrumented_test --batch=100000 --length=10 --channel=3 --k_length=10 --k_channel=3 --k_out=50 --hpx:localities=1
input 100000x10x3 filter 10x100x3
/home/sshirzad/src/phylanx/build_release_clang_no_hpxmp_medusa/bin/test_conv1d_instrumented_test --batch=100000 --length=10 --channel=3 --k_length=10 --k_channel=3 --k_out=100 --hpx:localities=1
input 100000x100x3 filter 10x10x3
/home/sshirzad/src/phylanx/build_release_clang_no_hpxmp_medusa/bin/test_conv1d_instrumented_test --batch=100000 --length=100 --channel=3 --k_length=10 --k_channel=3 --k_out=10 --hpx:localities=1
input 100000x100x3 filter 10x50x3
/home/sshirzad/src/phylanx/build_release_clang_no_hpxmp_medusa/bin/test_conv1d_instrumented_test --batch=100000 --length=100 --channel=3 --k_length=10 --k_channel=3 --k_out=50 --hpx:localities=1
tcmalloc: large alloc 3640000512 bytes == 0x3ba42000 @ 
tcmalloc: large alloc 3640000512 bytes == 0x114a52000 @ 
tcmalloc: large alloc 3640000512 bytes == 0x15238000 @ 
input 100000x100x3 filter 10x100x3
/home/sshirzad/src/phylanx/build_release_clang_no_hpxmp_medusa/bin/test_conv1d_instrumented_test --batch=100000 --length=100 --channel=3 --k_length=10 --k_channel=3 --k_out=100 --hpx:localities=1
tcmalloc: large alloc 7280001024 bytes == 0x3ab9a000 @ 
tcmalloc: large alloc 7280001024 bytes == 0x1ed2fe000 @ 
tcmalloc: large alloc 7280001024 bytes == 0x15376000 @ 
input 100000x100x3 filter 50x10x3
/home/sshirzad/src/phylanx/build_release_clang_no_hpxmp_medusa/bin/test_conv1d_instrumented_test --batch=100000 --length=100 --channel=3 --k_length=50 --k_channel=3 --k_out=10 --hpx:localities=1
input 100000x100x3 filter 50x50x3
/home/sshirzad/src/phylanx/build_release_clang_no_hpxmp_medusa/bin/test_conv1d_instrumented_test --batch=100000 --length=100 --channel=3 --k_length=50 --k_channel=3 --k_out=50 --hpx:localities=1
tcmalloc: large alloc 2040004608 bytes == 0x3c042000 @ 
tcmalloc: large alloc 2040004608 bytes == 0xb5a56000 @ 
tcmalloc: large alloc 2040004608 bytes == 0x1597c000 @ 
input 100000x100x3 filter 50x100x3
/home/sshirzad/src/phylanx/build_release_clang_no_hpxmp_medusa/bin/test_conv1d_instrumented_test --batch=100000 --length=100 --channel=3 --k_length=50 --k_channel=3 --k_out=100 --hpx:localities=1
tcmalloc: large alloc 4080001024 bytes == 0x3bd86000 @ 
tcmalloc: large alloc 4080001024 bytes == 0x12f110000 @ 
tcmalloc: large alloc 4080001024 bytes == 0x159ae000 @ 
input 100000x1000x3 filter 10x10x3
/home/sshirzad/src/phylanx/build_release_clang_no_hpxmp_medusa/bin/test_conv1d_instrumented_test --batch=100000 --length=1000 --channel=3 --k_length=10 --k_channel=3 --k_out=10 --hpx:localities=1
tcmalloc: large alloc 3200000000 bytes == 0x2940000 @ 
tcmalloc: large alloc 3200000000 bytes == 0xc15aa000 @ 
tcmalloc: large alloc 3200000000 bytes == 0x18096c000 @ 
tcmalloc: large alloc 7928004608 bytes == 0x23f52e000 @ 
tcmalloc: large alloc 7928004608 bytes == 0x4185ea000 @ 
tcmalloc: large alloc 3200000000 bytes == 0x13f8000 @ 
tcmalloc: large alloc 7928004608 bytes == 0xc005a000 @ 
input 100000x1000x3 filter 10x50x3
/home/sshirzad/src/phylanx/build_release_clang_no_hpxmp_medusa/bin/test_conv1d_instrumented_test --batch=100000 --length=1000 --channel=3 --k_length=10 --k_channel=3 --k_out=50 --hpx:localities=1
tcmalloc: large alloc 3200000000 bytes == 0x31f4000 @ 
tcmalloc: large alloc 3200000000 bytes == 0xc1e66000 @ 
tcmalloc: large alloc 3200000000 bytes == 0x181228000 @ 
tcmalloc: large alloc 39640006656 bytes == 0x23fdea000 @ 
tcmalloc: large alloc 39640006656 bytes == 0xb7c992000 @ 
tcmalloc: large alloc 3200000000 bytes == 0x23b4000 @ 
tcmalloc: large alloc 39640006656 bytes == 0xc0f7a000 @ 
input 100000x1000x3 filter 10x100x3
/home/sshirzad/src/phylanx/build_release_clang_no_hpxmp_medusa/bin/test_conv1d_instrumented_test --batch=100000 --length=1000 --channel=3 --k_length=10 --k_channel=3 --k_out=100 --hpx:localities=1
tcmalloc: large alloc 3200000000 bytes == 0x2c70000 @ 
tcmalloc: large alloc 3200000000 bytes == 0xc18e6000 @ 
tcmalloc: large alloc 3200000000 bytes == 0x180ca8000 @ 
tcmalloc: large alloc 79280005120 bytes == 0x23f86a000 @ 
tcmalloc: large alloc 79280005120 bytes == (nil) @ 
<unknown>
terminating with uncaught exception of type std::bad_alloc: std::bad_alloc
srun: error: medusa00: task 0: Exited with exit code 255
tcmalloc: large alloc 3200000000 bytes == 0x30f8000 @ 
tcmalloc: large alloc 79280005120 bytes == 0xc1cc2000 @ 
input 100000x1000x3 filter 50x10x3
/home/sshirzad/src/phylanx/build_release_clang_no_hpxmp_medusa/bin/test_conv1d_instrumented_test --batch=100000 --length=1000 --channel=3 --k_length=50 --k_channel=3 --k_out=10 --hpx:localities=1
tcmalloc: large alloc 3200000000 bytes == 0x16c8000 @ 
tcmalloc: large alloc 3200000000 bytes == 0xc0348000 @ 
tcmalloc: large alloc 3200000000 bytes == 0x17ef0a000 @ 
tcmalloc: large alloc 7608000512 bytes == 0x23e2cc000 @ 
tcmalloc: large alloc 7608000512 bytes == 0x40425a000 @ 
tcmalloc: large alloc 3200000000 bytes == 0x154a000 @ 
tcmalloc: large alloc 7608000512 bytes == 0xc01b4000 @ 
input 100000x1000x3 filter 50x50x3
/home/sshirzad/src/phylanx/build_release_clang_no_hpxmp_medusa/bin/test_conv1d_instrumented_test --batch=100000 --length=1000 --channel=3 --k_length=50 --k_channel=3 --k_out=50 --hpx:localities=1
tcmalloc: large alloc 3200000000 bytes == 0x2e38000 @ 
tcmalloc: large alloc 3200000000 bytes == 0xc1aa2000 @ 
tcmalloc: large alloc 3200000000 bytes == 0x180e64000 @ 
tcmalloc: large alloc 38040002560 bytes == 0x23fa26000 @ 
tcmalloc: large alloc 38040002560 bytes == 0xb1cfec000 @ 
tcmalloc: large alloc 3200000000 bytes == 0x1f32000 @ 
tcmalloc: large alloc 38040002560 bytes == 0xc0b0a000 @ 
input 100000x1000x3 filter 50x100x3
/home/sshirzad/src/phylanx/build_release_clang_no_hpxmp_medusa/bin/test_conv1d_instrumented_test --batch=100000 --length=1000 --channel=3 --k_length=50 --k_channel=3 --k_out=100 --hpx:localities=1
tcmalloc: large alloc 3200000000 bytes == 0x28c8000 @ 
tcmalloc: large alloc 3200000000 bytes == 0xc1540000 @ 
tcmalloc: large alloc 3200000000 bytes == 0x180902000 @ 
tcmalloc: large alloc 76080005120 bytes == 0x23f4c4000 @ 
tcmalloc: large alloc 76080005120 bytes == (nil) @ 
<unknown>
terminating with uncaught exception of type std::bad_alloc: std::bad_alloc
srun: error: medusa00: task 0: Exited with exit code 255
tcmalloc: large alloc 3200000000 bytes == 0x3000000 @ 
tcmalloc: large alloc 76080005120 bytes == 0xc1be6000 @ 
